c:\users\mikołaj\source\repos\aplproject\cppdll\x64\release\cppdll.pch
c:\users\mikołaj\source\repos\aplproject\cppdll\x64\release\vc143.pdb
c:\users\mikołaj\source\repos\aplproject\cppdll\x64\release\pch.obj
c:\users\mikołaj\source\repos\aplproject\cppdll\x64\release\dllmain.obj
c:\users\mikołaj\source\repos\aplproject\cppdll\x64\release\.netframework,version=v4.7.2.assemblyattributes.obj
c:\users\mikołaj\source\repos\aplproject\aplproject\x64\debug\cppdll.lib
c:\users\mikołaj\source\repos\aplproject\aplproject\x64\debug\cppdll.exp
c:\users\mikołaj\source\repos\aplproject\aplproject\x64\debug\cppdll.dll
c:\users\mikołaj\source\repos\aplproject\aplproject\x64\debug\cppdll.pdb
c:\users\mikołaj\source\repos\aplproject\cppdll\x64\release\binarizationcpp.obj
c:\users\mikołaj\source\repos\aplproject\aplproject\\x64\debug\cppdll.pdb
c:\users\mikołaj\source\repos\aplproject\cppdll\x64\release\cppdll.tlog\cl.command.1.tlog
c:\users\mikołaj\source\repos\aplproject\cppdll\x64\release\cppdll.tlog\cl.items.tlog
c:\users\mikołaj\source\repos\aplproject\cppdll\x64\release\cppdll.tlog\cl.read.1.tlog
c:\users\mikołaj\source\repos\aplproject\cppdll\x64\release\cppdll.tlog\cl.write.1.tlog
c:\users\mikołaj\source\repos\aplproject\cppdll\x64\release\cppdll.tlog\link.command.1.tlog
c:\users\mikołaj\source\repos\aplproject\cppdll\x64\release\cppdll.tlog\link.read.1.tlog
c:\users\mikołaj\source\repos\aplproject\cppdll\x64\release\cppdll.tlog\link.write.1.tlog
c:\users\mikołaj\source\repos\aplproject\cppdll\x64\release\cppdll.tlog\link.write.2u.tlog
c:\users\mikołaj\source\repos\aplproject\cppdll\x64\release\cppdll.tlog\metagen.read.1.tlog
c:\users\mikołaj\source\repos\aplproject\cppdll\x64\release\cppdll.tlog\metagen.write.1.tlog
